<?xml version="1.0" encoding="UTF-8"?>
<!-- Generated by org.testng.reporters.JUnitReportReporter -->
<testsuite hostname="user" failures="0" tests="4" name="com.qa.ictakTestCases.AdminDashboard_TestCases" time="103.676" errors="0" timestamp="2023-03-05T14:42:05 IST" skipped="0">
  <testcase classname="com.qa.ictakTestCases.AdminDashboard_TestCases" name="CourseRegistrationVerification" time="30.122"/>
  <system-out/>
  <testcase classname="com.qa.ictakTestCases.AdminDashboard_TestCases" name="PartnershipRegistrationVerification" time="26.871"/>
  <system-out/>
  <testcase classname="com.qa.ictakTestCases.AdminDashboard_TestCases" name="AcademicMembershipVerification" time="23.290"/>
  <system-out/>
  <testcase classname="com.qa.ictakTestCases.AdminDashboard_TestCases" name="CorporateMembershipVerification" time="23.393"/>
  <system-out/>
</testsuite> <!-- com.qa.ictakTestCases.AdminDashboard_TestCases -->
