<?xml version="1.0" encoding="UTF-8"?>
<!-- Generated by org.testng.reporters.JUnitReportReporter -->
<testsuite hostname="user" failures="0" tests="4" name="com.qa.ictakTestCases.AdminDashboard_TestCases" time="112.653" errors="0" timestamp="2023-03-03T18:01:02 IST" skipped="0">
  <testcase classname="com.qa.ictakTestCases.AdminDashboard_TestCases" name="CourseRegistrationVerification" time="44.792"/>
  <system-out/>
  <testcase classname="com.qa.ictakTestCases.AdminDashboard_TestCases" name="PartnershipRegistrationVerification" time="24.847"/>
  <system-out/>
  <testcase classname="com.qa.ictakTestCases.AdminDashboard_TestCases" name="AcademicMembershipVerification" time="22.927"/>
  <system-out/>
  <testcase classname="com.qa.ictakTestCases.AdminDashboard_TestCases" name="CorporateMembershipVerification" time="20.087"/>
  <system-out/>
</testsuite> <!-- com.qa.ictakTestCases.AdminDashboard_TestCases -->
