<?xml version="1.0" encoding="UTF-8"?>
<!-- Generated by org.testng.reporters.JUnitReportReporter -->
<testsuite hostname="user" failures="0" tests="1" name="com.qa.ictakTestCases.Contact" time="22.518" errors="0" timestamp="2023-03-04T20:35:12 IST" skipped="0">
  <testcase classname="com.qa.ictakTestCases.Contact" name="contact_form_validation" time="22.518"/>
  <system-out/>
</testsuite> <!-- com.qa.ictakTestCases.Contact -->
