<?xml version="1.0" encoding="UTF-8"?>
<!-- Generated by org.testng.reporters.JUnitReportReporter -->
<testsuite hostname="user" failures="0" tests="4" name="com.qa.ictakTestCases.AdminDashboard_TestCases" time="103.891" errors="0" timestamp="2023-03-05T13:18:09 IST" skipped="0">
  <testcase classname="com.qa.ictakTestCases.AdminDashboard_TestCases" name="CourseRegistrationVerification" time="34.505"/>
  <system-out/>
  <testcase classname="com.qa.ictakTestCases.AdminDashboard_TestCases" name="PartnershipRegistrationVerification" time="25.181"/>
  <system-out/>
  <testcase classname="com.qa.ictakTestCases.AdminDashboard_TestCases" name="AcademicMembershipVerification" time="23.147"/>
  <system-out/>
  <testcase classname="com.qa.ictakTestCases.AdminDashboard_TestCases" name="CorporateMembershipVerification" time="21.058"/>
  <system-out/>
</testsuite> <!-- com.qa.ictakTestCases.AdminDashboard_TestCases -->
