<?xml version="1.0" encoding="UTF-8"?>
<!-- Generated by org.testng.reporters.JUnitReportReporter -->
<testsuite hostname="user" failures="0" tests="4" name="com.qa.ictakTestCases.ContactUs_Testing" time="8.949" errors="0" timestamp="2023-03-05T13:19:55 IST" skipped="0">
  <testcase classname="com.qa.ictakTestCases.ContactUs_Testing" name="contact_information_validation" time="6.684"/>
  <system-out/>
  <testcase classname="com.qa.ictakTestCases.ContactUs_Testing" name="physical_address_validation" time="0.061"/>
  <system-out/>
  <testcase classname="com.qa.ictakTestCases.ContactUs_Testing" name="ContactUs_form" time="0.050"/>
  <system-out/>
  <testcase classname="com.qa.ictakTestCases.ContactUs_Testing" name="contact_form_validation" time="2.154"/>
  <system-out/>
</testsuite> <!-- com.qa.ictakTestCases.ContactUs_Testing -->
